     1                                  ; Codul de mai jos va deschide un fisier numit "ana.txt" din directorul curent, va citi un text scurt din acel fisier, apoi va afisa  in consola numarul de caractere citite si textul citit din fisier.
     2                                  ; Programul va folosi functia fopen pentru deschiderea fisierului, functia fread pentru citirea din fisier si functia fclose pentru inchiderea fisierului creat.
     3                                  ; Deoarece in apelul functiei fopen programul foloseste modul de acces "r", daca un fisier numele dat nu exista in directorul curent,  apelul functiei fopen nu va reusi (eroare). Detalii despre modurile de acces sun
     4                                  
     5                                  ; In acest program sirul de caractere in care se va citi textul din fisier trebuie sa aiba o lungime cu 1 mai mare decat numarul maxim  de elemente care vor fi citite din fisier deoarece acest sir va fi afisat in co
     6                                  ; Orice sir de caractere folosit de functia printf trebuie sa fie terminat in 0, altfel afisarea nu va fi corecta.
     7                                  ; Daca fisierul ar contine mai mult de <len> caractere si dimensiunea sirului destinatie era exact <len>, intregul sir ar fi fost completat cu valori citite din fisier, astfel sirul nu se mai termina cu valoarea 0.
     8                                  
     9                                  bits 32 
    10                                  
    11                                  global start        
    12                                  
    13                                  ; declare external functions needed by our program
    14                                  extern exit, fopen, fread, fclose, printf
    15                                  import exit msvcrt.dll  
    16                                  import fopen msvcrt.dll  
    17                                  import fread msvcrt.dll
    18                                  import fclose msvcrt.dll
    19                                  import printf msvcrt.dll
    20                                  
    21                                  ; our data is declared here (the variables needed by our program)
    22                                  segment data use32 class=data
    23 00000000 616E612E74787400            nume_fisier db "ana.txt", 0  ; numele fisierului care va fi creat
    24 00000008 7200                        mod_acces db "r", 0          ; modul de deschidere a fisierului - 
    25                                                                   ; r - pentru scriere. fisierul trebuie sa existe 
    26                                      len equ 100                  ; numarul maxim de elemente citite din fisier.                            
    27 0000000A 00<rept>                    text times (len+1) db 0      ; sirul in care se va citi textul din fisier (dimensiune len+1 explicata mai sus)
    28 0000006F FFFFFFFF                    descriptor_fis dd -1         ; variabila in care vom salva descriptorul fisierului - necesar pentru a putea face referire la fisier
    29 00000073 416D20636974697420-         format db "Am citit %d caractere din fisier. Textul este: %s", 0  ; formatul - utilizat pentru afisarea textului citit din fisier
    29 0000007C 256420636172616374-
    29 00000085 6572652064696E2066-
    29 0000008E 69736965722E205465-
    29 00000097 7874756C2065737465-
    29 000000A0 3A20257300         
    30                                                                   ; %s reprezinta un sir de caractere
    31                                  
    32                                  ; our code starts here
    33                                  segment code use32 class=code
    34                                      start:
    35                                          ; apelam fopen pentru a deschide fisierul
    36                                          ; functia va returna in EAX descriptorul fisierului sau 0 in caz de eroare
    37                                          ; eax = fopen(nume_fisier, mod_acces)
    38 00000000 68[08000000]                    push dword mod_acces     
    39 00000005 68[00000000]                    push dword nume_fisier
    40 0000000A FF15[00000000]                  call [fopen]
    41 00000010 83C408                          add esp, 4*2                ; eliberam parametrii de pe stiva
    42                                  
    43 00000013 A3[6F000000]                    mov [descriptor_fis], eax   ; salvam valoarea returnata de fopen in variabila descriptor_fis
    44                                          
    45                                          ; verificam daca functia fopen a creat cu succes fisierul (daca EAX != 0)
    46 00000018 83F800                          cmp eax, 0
    47 0000001B 743B                            je final
    48                                          
    49                                          ; citim textul in fisierul deschis folosind functia fread
    50                                          ; eax = fread(text, 1, len, descriptor_fis)
    51 0000001D FF35[6F000000]                  push dword [descriptor_fis]
    52 00000023 6A64                            push dword len
    53 00000025 6A01                            push dword 1
    54 00000027 68[0A000000]                    push dword text        
    55 0000002C FF15[00000000]                  call [fread]
    56 00000032 83C410                          add esp, 4*4                 ; dupa apelul functiei fread EAX contine numarul de caractere citite din fisier
    57                                          
    58                                          ; afisam numarul de caractere citite si textul citit
    59                                          ; printf(format, eax, text)
    60 00000035 68[0A000000]                    push dword text
    61 0000003A 50                              push dword EAX
    62 0000003B 68[73000000]                    push dword format
    63 00000040 FF15[00000000]                  call [printf]
    64 00000046 83C40C                          add esp, 4*3
    65                                          
    66                                          ; apelam functia fclose pentru a inchide fisierul
    67                                          ; fclose(descriptor_fis)
    68 00000049 FF35[6F000000]                  push dword [descriptor_fis]
    69 0000004F FF15[00000000]                  call [fclose]
    70 00000055 83C404                          add esp, 4
    71                                          
    72                                          
    73                                        final:
    74                                          
    75                                          ; exit(0)
    76 00000058 6A00                            push    dword 0      
    77 0000005A FF15[00000000]                  call    [exit]       
