#
# There is insufficient memory for the Java Runtime Environment to continue.
# Native memory allocation (mmap) failed to map 2097152 bytes for G1 virtual space
# Possible reasons:
#   The system is out of physical RAM or swap space
#   The process is running with CompressedOops enabled, and the Java Heap may be blocking the growth of the native heap
# Possible solutions:
#   Reduce memory load on the system
#   Increase physical memory or swap space
#   Check if swap backing store is full
#   Decrease Java heap size (-Xmx/-Xms)
#   Decrease number of Java threads
#   Decrease Java thread stack sizes (-Xss)
#   Set larger code cache with -XX:ReservedCodeCacheSize=
#   JVM is running with Unscaled Compressed Oops mode in which the Java heap is
#     placed in the first 4GB address space. The Java Heap base address is the
#     maximum limit for the native heap growth. Please use -XX:HeapBaseMinAddress
#     to set the Java Heap base and to place the Java Heap above 4GB virtual address.
# This output file may be truncated or incomplete.
#
#  Out of Memory Error (os_windows.cpp:3825), pid=21048, tid=24556
#
# JRE version:  (17.0.9+7) (build )
# Java VM: OpenJDK 64-Bit Server VM (17.0.9+7-b1087.11, mixed mode, sharing, tiered, compressed oops, compressed class ptrs, g1 gc, windows-amd64)
# No core dump will be written. Minidumps are not enabled by default on client versions of Windows
#

---------------  S U M M A R Y ------------

Command Line: -Djava.rmi.server.hostname=127.0.0.1 -Duser.timezone=UTC -Xmx1500m -Xms128m -Djdbc.classpath=C:\Users\andre\AppData\Local\JetBrains\Toolbox\apps\Rider\ch-0\233.14015.60\plugins\DatabaseTools\lib\jdbc-console.jar;C:\Users\andre\AppData\Roaming\JetBrains\Rider2023.3\jdbc-drivers\PostgreSQL\42.6.0\org\postgresql\postgresql\42.6.0\postgresql-42.6.0.jar;C:\Users\andre\AppData\Roaming\JetBrains\Rider2023.3\jdbc-drivers\PostgreSQL\42.6.0\org\checkerframework\checker-qual\3.31.0\checker-qual-3.31.0.jar;C:\Users\andre\AppData\Roaming\JetBrains\Rider2023.3\jdbc-drivers\PostgreSQL\42.6.0\com\github\waffle\waffle-jna\1.9.1\waffle-jna-1.9.1.jar;C:\Users\andre\AppData\Roaming\JetBrains\Rider2023.3\jdbc-drivers\PostgreSQL\42.6.0\net\java\dev\jna\jna\4.5.1\jna-4.5.1.jar;C:\Users\andre\AppData\Roaming\JetBrains\Rider2023.3\jdbc-drivers\PostgreSQL\42.6.0\net\java\dev\jna\jna-platform\4.5.1\jna-platform-4.5.1.jar;C:\Users\andre\AppData\Roaming\JetBrains\Rider2023.3\jdbc-drivers\PostgreSQL\42.6.0\org\slf4j\jcl-over-slf4j\1.7.25\jcl-over-slf4j-1.7.25.jar;C:\Users\andre\AppData\Roaming\JetBrains\Rider2023.3\jdbc-drivers\PostgreSQL\42.6.0\org\slf4j\slf4j-api\1.7.25\slf4j-api-1.7.25.jar;C:\Users\andre\AppData\Roaming\JetBrains\Rider2023.3\jdbc-drivers\PostgreSQL\42.6.0\com\github\ben-manes\caffeine\caffeine\2.6.2\caffeine-2.6.2.jar --add-exports=java.desktop/sun.awt=ALL-UNNAMED --add-exports=java.desktop/java.awt.peer=ALL-UNNAMED --add-opens=java.desktop/java.awt=ALL-UNNAMED --add-opens=jdk.unsupported/sun.misc=ALL-UNNAMED --add-opens=java.base/java.nio=ALL-UNNAMED --add-opens=java.base/java.util=ALL-UNNAMED -Dfile.encoding=UTF-8 com.intellij.database.remote.RemoteJdbcServer org.postgresql.Driver

Host: Intel(R) Core(TM) i7-10750H CPU @ 2.60GHz, 12 cores, 15G,  Windows 11 , 64 bit Build 22621 (10.0.22621.3235)
Time: Mon Apr  1 03:59:12 2024 GTB Daylight Time elapsed time: 0.011163 seconds (0d 0h 0m 0s)

---------------  T H R E A D  ---------------

Current thread (0x00000227b9bd2a30):  JavaThread "Unknown thread" [_thread_in_vm, id=24556, stack(0x000000fea1000000,0x000000fea1100000)]

Stack: [0x000000fea1000000,0x000000fea1100000]
Native frames: (J=compiled Java code, j=interpreted, Vv=VM code, C=native code)
V  [jvm.dll+0x688349]
V  [jvm.dll+0x841bfa]
V  [jvm.dll+0x84383e]
V  [jvm.dll+0x843ea3]
V  [jvm.dll+0x24bdef]
V  [jvm.dll+0x6850f9]
V  [jvm.dll+0x67988a]
V  [jvm.dll+0x30cbfb]
V  [jvm.dll+0x3140a6]
V  [jvm.dll+0x363ef3]
V  [jvm.dll+0x36410f]
V  [jvm.dll+0x2e29c8]
V  [jvm.dll+0x2e3934]
V  [jvm.dll+0x812771]
V  [jvm.dll+0x371d41]
V  [jvm.dll+0x7f12bc]
V  [jvm.dll+0x3f59cf]
V  [jvm.dll+0x3f7601]
C  [jli.dll+0x528f]
C  [ucrtbase.dll+0x29363]
C  [KERNEL32.DLL+0x1257d]
C  [ntdll.dll+0x5aa58]


---------------  P R O C E S S  ---------------

Threads class SMR info:
_java_thread_list=0x00007ff85278df18, length=0, elements={
}

Java Threads: ( => current thread )

Other Threads:
  0x00000227b9c1d6a0 GCTaskThread "GC Thread#0" [stack: 0x000000fea1100000,0x000000fea1200000] [id=21572]
  0x00000227b9c2a170 ConcurrentGCThread "G1 Main Marker" [stack: 0x000000fea1200000,0x000000fea1300000] [id=21044]
  0x00000227b9c2ab90 ConcurrentGCThread "G1 Conc#0" [stack: 0x000000fea1300000,0x000000fea1400000] [id=20736]

[error occurred during error reporting (printing all threads), id 0xc0000005, EXCEPTION_ACCESS_VIOLATION (0xc0000005) at pc=0x00007ff851f43597]

VM state: not at safepoint (not fully initialized)

VM Mutex/Monitor currently owned by a thread:  ([mutex/lock_event])
[0x00000227b9bce4d0] Heap_lock - owner thread: 0x00000227b9bd2a30

Heap address: 0x00000000a2400000, size: 1500 MB, Compressed Oops mode: 32-bit

CDS archive(s) mapped at: [0x0000000000000000-0x0000000000000000-0x0000000000000000), size 0, SharedBaseAddress: 0x0000000800000000, ArchiveRelocationMode: 1.
Narrow klass base: 0x0000000000000000, Narrow klass shift: 0, Narrow klass range: 0x0

GC Precious Log:
<Empty>

Heap:
 garbage-first heap   total 0K, used 0K [0x00000000a2400000, 0x0000000100000000)
  region size 1024K, 0 young (0K), 0 survivors (0K)
 Metaspace       used 0K, committed 0K, reserved 0K
  class space    used 0K, committed 0K, reserved 0K

Heap Regions: E=young(eden), S=young(survivor), O=old, HS=humongous(starts), HC=humongous(continues), CS=collection set, F=free, OA=open archive, CA=closed archive, TAMS=top-at-mark-start (previous, next)

Card table byte_map: [0x00000227ccb80000,0x00000227cce70000] _byte_map_base: 0x00000227cc66e000

Marking Bits (Prev, Next): (CMBitMap*) 0x00000227b9c1dcc0, (CMBitMap*) 0x00000227b9c1dd00
 Prev Bits: [0x00000227cd160000, 0x00000227ce8d0000)
 Next Bits: [0x00000227ce8d0000, 0x00000227d0040000)

GC Heap History (0 events):
No events

Dll operation events (1 events):
Event: 0.007 Loaded shared library C:\Users\andre\AppData\Local\JetBrains\Toolbox\apps\Rider\ch-0\233.14015.60\jbr\bin\java.dll

Deoptimization events (0 events):
No events

Classes unloaded (0 events):
No events

Classes redefined (0 events):
No events

Internal exceptions (0 events):
No events

VM Operations (0 events):
No events

Events (0 events):
No events


Dynamic libraries:
0x00007ff6f5f40000 - 0x00007ff6f5f4a000 	C:\Users\andre\AppData\Local\JetBrains\Toolbox\apps\Rider\ch-0\233.14015.60\jbr\bin\java.exe
0x00007ff8cb030000 - 0x00007ff8cb246000 	C:\WINDOWS\SYSTEM32\ntdll.dll
0x00007ff8c9d30000 - 0x00007ff8c9df4000 	C:\WINDOWS\System32\KERNEL32.DLL
0x00007ff8c89a0000 - 0x00007ff8c8d46000 	C:\WINDOWS\System32\KERNELBASE.dll
0x00007ff8c87c0000 - 0x00007ff8c88d1000 	C:\WINDOWS\System32\ucrtbase.dll
0x00007ff8a6930000 - 0x00007ff8a6947000 	C:\Users\andre\AppData\Local\JetBrains\Toolbox\apps\Rider\ch-0\233.14015.60\jbr\bin\jli.dll
0x00007ff851a70000 - 0x00007ff851a8b000 	C:\Users\andre\AppData\Local\JetBrains\Toolbox\apps\Rider\ch-0\233.14015.60\jbr\bin\VCRUNTIME140.dll
0x00007ff8ca090000 - 0x00007ff8ca23d000 	C:\WINDOWS\System32\USER32.dll
0x00007ff8c8370000 - 0x00007ff8c8396000 	C:\WINDOWS\System32\win32u.dll
0x00007ff8ae720000 - 0x00007ff8ae9b3000 	C:\WINDOWS\WinSxS\amd64_microsoft.windows.common-controls_6595b64144ccf1df_6.0.22621.3235_none_270f74e173860f98\COMCTL32.dll
0x00007ff8ca5d0000 - 0x00007ff8ca5f9000 	C:\WINDOWS\System32\GDI32.dll
0x00007ff8c9240000 - 0x00007ff8c92e7000 	C:\WINDOWS\System32\msvcrt.dll
0x00007ff8c83a0000 - 0x00007ff8c84b8000 	C:\WINDOWS\System32\gdi32full.dll
0x00007ff8c86b0000 - 0x00007ff8c874a000 	C:\WINDOWS\System32\msvcp_win.dll
0x00007ff8c9cf0000 - 0x00007ff8c9d21000 	C:\WINDOWS\System32\IMM32.DLL
0x00007ff858290000 - 0x00007ff85829c000 	C:\Users\andre\AppData\Local\JetBrains\Toolbox\apps\Rider\ch-0\233.14015.60\jbr\bin\vcruntime140_1.dll
0x00007fffd16e0000 - 0x00007fffd176d000 	C:\Users\andre\AppData\Local\JetBrains\Toolbox\apps\Rider\ch-0\233.14015.60\jbr\bin\msvcp140.dll
0x00007ff851c50000 - 0x00007ff8528d2000 	C:\Users\andre\AppData\Local\JetBrains\Toolbox\apps\Rider\ch-0\233.14015.60\jbr\bin\server\jvm.dll
0x00007ff8c8d80000 - 0x00007ff8c8e32000 	C:\WINDOWS\System32\ADVAPI32.dll
0x00007ff8c9fe0000 - 0x00007ff8ca088000 	C:\WINDOWS\System32\sechost.dll
0x00007ff8c8d50000 - 0x00007ff8c8d78000 	C:\WINDOWS\System32\bcrypt.dll
0x00007ff8c8fa0000 - 0x00007ff8c90b5000 	C:\WINDOWS\System32\RPCRT4.dll
0x00007ff8c2e40000 - 0x00007ff8c2e49000 	C:\WINDOWS\SYSTEM32\WSOCK32.dll
0x00007ff8beff0000 - 0x00007ff8bf024000 	C:\WINDOWS\SYSTEM32\WINMM.dll
0x00007ff8c7bd0000 - 0x00007ff8c7c1d000 	C:\WINDOWS\SYSTEM32\POWRPROF.dll
0x00007ff8caf60000 - 0x00007ff8cafd1000 	C:\WINDOWS\System32\WS2_32.dll
0x00007ff8c1f10000 - 0x00007ff8c1f1a000 	C:\WINDOWS\SYSTEM32\VERSION.dll
0x00007ff8c7ba0000 - 0x00007ff8c7bb3000 	C:\WINDOWS\SYSTEM32\UMPDC.dll
0x00007ff8c7370000 - 0x00007ff8c7388000 	C:\WINDOWS\SYSTEM32\kernel.appcore.dll
0x00007ff8c3570000 - 0x00007ff8c357a000 	C:\Users\andre\AppData\Local\JetBrains\Toolbox\apps\Rider\ch-0\233.14015.60\jbr\bin\jimage.dll
0x00007ff8afdb0000 - 0x00007ff8affe3000 	C:\WINDOWS\SYSTEM32\DBGHELP.DLL
0x00007ff8ca240000 - 0x00007ff8ca5c8000 	C:\WINDOWS\System32\combase.dll
0x00007ff8cae80000 - 0x00007ff8caf57000 	C:\WINDOWS\System32\OLEAUT32.dll
0x00007ff8a7330000 - 0x00007ff8a7362000 	C:\WINDOWS\SYSTEM32\dbgcore.DLL
0x00007ff8c84c0000 - 0x00007ff8c853a000 	C:\WINDOWS\System32\bcryptPrimitives.dll
0x00007ff8ad3b0000 - 0x00007ff8ad3d5000 	C:\Users\andre\AppData\Local\JetBrains\Toolbox\apps\Rider\ch-0\233.14015.60\jbr\bin\java.dll

dbghelp: loaded successfully - version: 4.0.5 - missing functions: none
symbol engine: initialized successfully - sym options: 0x614 - pdb path: .;C:\Users\andre\AppData\Local\JetBrains\Toolbox\apps\Rider\ch-0\233.14015.60\jbr\bin;C:\WINDOWS\SYSTEM32;C:\WINDOWS\WinSxS\amd64_microsoft.windows.common-controls_6595b64144ccf1df_6.0.22621.3235_none_270f74e173860f98;C:\Users\andre\AppData\Local\JetBrains\Toolbox\apps\Rider\ch-0\233.14015.60\jbr\bin\server

VM Arguments:
jvm_args: -Djava.rmi.server.hostname=127.0.0.1 -Duser.timezone=UTC -Xmx1500m -Xms128m -Djdbc.classpath=C:\Users\andre\AppData\Local\JetBrains\Toolbox\apps\Rider\ch-0\233.14015.60\plugins\DatabaseTools\lib\jdbc-console.jar;C:\Users\andre\AppData\Roaming\JetBrains\Rider2023.3\jdbc-drivers\PostgreSQL\42.6.0\org\postgresql\postgresql\42.6.0\postgresql-42.6.0.jar;C:\Users\andre\AppData\Roaming\JetBrains\Rider2023.3\jdbc-drivers\PostgreSQL\42.6.0\org\checkerframework\checker-qual\3.31.0\checker-qual-3.31.0.jar;C:\Users\andre\AppData\Roaming\JetBrains\Rider2023.3\jdbc-drivers\PostgreSQL\42.6.0\com\github\waffle\waffle-jna\1.9.1\waffle-jna-1.9.1.jar;C:\Users\andre\AppData\Roaming\JetBrains\Rider2023.3\jdbc-drivers\PostgreSQL\42.6.0\net\java\dev\jna\jna\4.5.1\jna-4.5.1.jar;C:\Users\andre\AppData\Roaming\JetBrains\Rider2023.3\jdbc-drivers\PostgreSQL\42.6.0\net\java\dev\jna\jna-platform\4.5.1\jna-platform-4.5.1.jar;C:\Users\andre\AppData\Roaming\JetBrains\Rider2023.3\jdbc-drivers\PostgreSQL\42.6.0\org\slf4j\jcl-over-slf4j\1.7.25\jcl-over-slf4j-1.7.25.jar;C:\Users\andre\AppData\Roaming\JetBrains\Rider2023.3\jdbc-drivers\PostgreSQL\42.6.0\org\slf4j\slf4j-api\1.7.25\slf4j-api-1.7.25.jar;C:\Users\andre\AppData\Roaming\JetBrains\Rider2023.3\jdbc-drivers\PostgreSQL\42.6.0\com\github\ben-manes\caffeine\caffeine\2.6.2\caffeine-2.6.2.jar --add-exports=java.desktop/sun.awt=ALL-UNNAMED --add-exports=java.desktop/java.awt.peer=ALL-UNNAMED --add-opens=java.desktop/java.awt=ALL-UNNAMED --add-opens=jdk.unsupported/sun.misc=ALL-UNNAMED --add-opens=java.base/java.nio=ALL-UNNAMED --add-opens=java.base/java.util=ALL-UNNAMED -Dfile.encoding=UTF-8 
java_command: com.intellij.database.remote.RemoteJdbcServer org.postgresql.Driver
java_class_path (initial): C:\Users\andre\AppData\Local\JetBrains\Toolbox\apps\Rider\ch-0\233.14015.60\lib\util_rt.jar;C:\Users\andre\AppData\Local\JetBrains\Toolbox\apps\Rider\ch-0\233.14015.60\lib\util-8.jar;C:\Users\andre\AppData\Local\JetBrains\Toolbox\apps\Rider\ch-0\233.14015.60\lib\groovy.jar;C:\Users\andre\AppData\Local\JetBrains\Toolbox\apps\Rider\ch-0\233.14015.60\plugins\DatabaseTools\lib\jdbc-console.jar;C:\Users\andre\AppData\Local\JetBrains\Toolbox\apps\Rider\ch-0\233.14015.60\plugins\grid-core-impl\lib\jdbc-console-types.jar;C:\Users\andre\AppData\Local\JetBrains\Toolbox\apps\Rider\ch-0\233.14015.60\lib\util.jar
Launcher Type: SUN_STANDARD

[Global flags]
     intx CICompilerCount                          = 4                                         {product} {ergonomic}
     uint ConcGCThreads                            = 3                                         {product} {ergonomic}
     uint G1ConcRefinementThreads                  = 10                                        {product} {ergonomic}
   size_t G1HeapRegionSize                         = 1048576                                   {product} {ergonomic}
    uintx GCDrainStackTargetSize                   = 64                                        {product} {ergonomic}
   size_t InitialHeapSize                          = 134217728                                 {product} {command line}
   size_t MarkStackSize                            = 4194304                                   {product} {ergonomic}
   size_t MaxHeapSize                              = 1572864000                                {product} {command line}
   size_t MinHeapDeltaBytes                        = 1048576                                   {product} {ergonomic}
   size_t MinHeapSize                              = 134217728                                 {product} {command line}
    uintx NonNMethodCodeHeapSize                   = 5839372                                {pd product} {ergonomic}
    uintx NonProfiledCodeHeapSize                  = 122909434                              {pd product} {ergonomic}
    uintx ProfiledCodeHeapSize                     = 122909434                              {pd product} {ergonomic}
    uintx ReservedCodeCacheSize                    = 251658240                              {pd product} {ergonomic}
     bool SegmentedCodeCache                       = true                                      {product} {ergonomic}
   size_t SoftMaxHeapSize                          = 1572864000                             {manageable} {ergonomic}
     bool UseCompressedClassPointers               = true                           {product lp64_product} {ergonomic}
     bool UseCompressedOops                        = true                           {product lp64_product} {ergonomic}
     bool UseG1GC                                  = true                                      {product} {ergonomic}
     bool UseLargePagesIndividualAllocation        = false                                  {pd product} {ergonomic}

Logging:
Log output configuration:
 #0: stdout all=warning uptime,level,tags
 #1: stderr all=off uptime,level,tags

Environment Variables:
PATH=C:\Python312\Scripts\;C:\Python312\;C:\Program Files\Eclipse Adoptium\jdk-17.0.6.10-hotspot\bin;C:\Python311\Scripts\;C:\Python311\;C:\Program files\Java\jre1.8.0_60\bin;C:\Program Files\NVIDIA Corporation\NVIDIA NvDLISR;C:\ProgramData\chocolatey\bin;C:\Program Files\dotnet\;C:\Program Files (x86)\Microsoft SQL Server\160\DTS\Binn\;C:\Program Files (x86)\Microsoft SQL Server\160\Tools\Binn\;C:\Program Files\Microsoft SQL Server\160\Tools\Binn\;C:\Program Files\Microsoft SQL Server\Client SDK\ODBC\170\Tools\Binn\;C:\Program Files\Microsoft SQL Server\160\DTS\Binn\;C:\Program Files\swipl\bin;C:\Program Files\Docker\Docker\resources\bin;C:\WINDOWS\system32;C:\WINDOWS;C:\WINDOWS\System32\Wbem;C:\WINDOWS\System32\WindowsPowerShell\v1.0\;C:\WINDOWS\System32\OpenSSH\;C:\Program Files\nodejs\;C:\Program Files\Git\cmd;C:\Users\andre\AppData\Local\Programs\Python\Python312\Scripts\;C:\Users\andre\AppData\Local\Programs\Python\Python312\;C:\Users\andre\.cargo\bin;C:\Users\andre\AppData\Local\Programs\Python\Python310\Scripts\;C:\Users\andre\AppData\Local\Programs\Python\Python310\;C:\Users\andre\AppData\Local\Microsoft\WindowsApps;C:\Users\andre\AppData\Local\Programs\Microsoft VS Code\bin;C:\Users\andre\AppData\Local\JetBrains\Toolbox\scripts;C:\Users\andre\AppData\Local\GitHubDesktop\bin;C:\Users\andre\.dotnet\tools;C:\Users\andre\AppData\Local\Google\Cloud SDK\google-cloud-sdk\bin;C:\Users\andre\AppData\Local\Programs\oh-my-posh\bin;C:\msys64\mingw64\bin;C:\Program Files\Azure Data Studio\bin;C:\Program Files\JetBrains\CLion 2023.3.2\bin;;C:\Users\andre\AppData\Local\Microsoft\WindowsApps;C:\Users\andre\AppData\Roaming\npm
USERNAME=andre
OS=Windows_NT
PROCESSOR_IDENTIFIER=Intel64 Family 6 Model 165 Stepping 2, GenuineIntel
TMP=C:\Users\andre\AppData\Local\Temp
TEMP=C:\Users\andre\AppData\Local\Temp



Periodic native trim disabled

JNI global refs:
JNI global refs: 0, weak refs: 0

JNI global refs memory usage: 0, weak refs: 0

OOME stack traces (most recent first):
Classloader memory used:


---------------  S Y S T E M  ---------------

OS:
 Windows 11 , 64 bit Build 22621 (10.0.22621.3235)
OS uptime: 0 days 7:43 hours
Hyper-V role detected

CPU: total 12 (initial active 12) (6 cores per cpu, 2 threads per core) family 6 model 165 stepping 2 microcode 0xe0, cx8, cmov, fxsr, ht, mmx, 3dnowpref, sse, sse2, sse3, ssse3, sse4.1, sse4.2, popcnt, lzcnt, tsc, tscinvbit, avx, avx2, aes, erms, clmul, bmi1, bmi2, adx, fma, vzeroupper, clflush, clflushopt, hv
Processor Information for all 12 processors :
  Max Mhz: 2592, Current Mhz: 2592, Mhz Limit: 2592

Memory: 4k page, system-wide physical 16154M (1505M free)
TotalPageFile size 27632M (AvailPageFile size 5M)
current process WorkingSet (physical memory assigned to process): 11M, peak: 11M
current process commit charge ("private bytes"): 192M, peak: 194M

vm_info: OpenJDK 64-Bit Server VM (17.0.9+7-b1087.11) for windows-amd64 JRE (17.0.9+7-b1087.11), built on 2024-01-05 by "builduser" with MS VC++ 16.10 / 16.11 (VS2019)

END.
