  cartRepository.cpp
C:\Users\andre\Documents\GitHub\Facultate\OOP\lab6-7\cartRepository.cpp(18,8): error C2039: 'clear': is not a member of 'vector<offer>'
C:\Users\andre\Documents\GitHub\Facultate\OOP\lab6-7\offersRepository.h(13,2): message : see declaration of 'vector<offer>'
C:\Users\andre\Documents\GitHub\Facultate\OOP\lab6-7\cartRepository.cpp(25,27): error C2662: 'T *vector<T>::begin(void) noexcept': cannot convert 'this' pointer from 'const vector<offer>' to 'vector<offer> &'
          with
          [
              T=offer
          ]
C:\Users\andre\Documents\GitHub\Facultate\OOP\lab6-7\cartRepository.cpp(25,27): message : Conversion loses qualifiers
C:\Users\andre\Documents\GitHub\Facultate\OOP\lab6-7\vector.h(32,8): message : see declaration of 'vector<offer>::begin'
C:\Users\andre\Documents\GitHub\Facultate\OOP\lab6-7\cartRepository.cpp(25,27): message : while trying to match the argument list '()'
C:\Users\andre\Documents\GitHub\Facultate\OOP\lab6-7\cartRepository.cpp(25,27): error C2662: 'T *vector<T>::end(void) noexcept': cannot convert 'this' pointer from 'const vector<offer>' to 'vector<offer> &'
          with
          [
              T=offer
          ]
C:\Users\andre\Documents\GitHub\Facultate\OOP\lab6-7\cartRepository.cpp(25,27): message : Conversion loses qualifiers
C:\Users\andre\Documents\GitHub\Facultate\OOP\lab6-7\vector.h(36,8): message : see declaration of 'vector<offer>::end'
C:\Users\andre\Documents\GitHub\Facultate\OOP\lab6-7\cartRepository.cpp(25,27): message : while trying to match the argument list '()'
C:\Users\andre\Documents\GitHub\Facultate\OOP\lab6-7\cartRepository.cpp(26,3): error C3536: '<begin>$L0': cannot be used before it is initialized
C:\Users\andre\Documents\GitHub\Facultate\OOP\lab6-7\cartRepository.cpp(26,3): error C3536: '<end>$L0': cannot be used before it is initialized
C:\Users\andre\Documents\GitHub\Facultate\OOP\lab6-7\cartRepository.cpp(25,32): error C2100: illegal indirection
  cartService.cpp
C:\Users\andre\Documents\GitHub\Facultate\OOP\lab6-7\cartService.cpp(10,40): error C2662: 'T *vector<T>::begin(void) noexcept': cannot convert 'this' pointer from 'const vector<offer>' to 'vector<offer> &'
          with
          [
              T=offer
          ]
C:\Users\andre\Documents\GitHub\Facultate\OOP\lab6-7\cartService.cpp(10,35): message : Conversion loses qualifiers
C:\Users\andre\Documents\GitHub\Facultate\OOP\lab6-7\vector.h(32,8): message : see declaration of 'vector<offer>::begin'
C:\Users\andre\Documents\GitHub\Facultate\OOP\lab6-7\cartService.cpp(10,40): message : while trying to match the argument list '()'
C:\Users\andre\Documents\GitHub\Facultate\OOP\lab6-7\cartService.cpp(10,55): error C2662: 'T *vector<T>::end(void) noexcept': cannot convert 'this' pointer from 'const vector<offer>' to 'vector<offer> &'
          with
          [
              T=offer
          ]
C:\Users\andre\Documents\GitHub\Facultate\OOP\lab6-7\cartService.cpp(10,50): message : Conversion loses qualifiers
C:\Users\andre\Documents\GitHub\Facultate\OOP\lab6-7\vector.h(36,8): message : see declaration of 'vector<offer>::end'
C:\Users\andre\Documents\GitHub\Facultate\OOP\lab6-7\cartService.cpp(10,55): message : while trying to match the argument list '()'
C:\Users\andre\Documents\GitHub\Facultate\OOP\lab6-7\cartService.cpp(10,27): error C2672: 'std::find_if': no matching overloaded function found
C:\Program Files\Microsoft Visual Studio\2022\Community\VC\Tools\MSVC\14.34.31933\include\xutility(5594,31): message : could be '_InIt std::find_if(_InIt,const _InIt,_Pr)'
C:\Users\andre\Documents\GitHub\Facultate\OOP\lab6-7\cartService.cpp(10,27): message : '_InIt std::find_if(_InIt,const _InIt,_Pr)': expects 3 arguments - 2 provided
C:\Users\andre\Documents\GitHub\Facultate\OOP\lab6-7\cartService.cpp(10,20): error C2530: 'found': references must be initialized
C:\Users\andre\Documents\GitHub\Facultate\OOP\lab6-7\cartService.cpp(14,5): error C3536: 'found': cannot be used before it is initialized
C:\Users\andre\Documents\GitHub\Facultate\OOP\lab6-7\cartService.cpp(14,20): error C2662: 'T *vector<T>::end(void) noexcept': cannot convert 'this' pointer from 'const vector<offer>' to 'vector<offer> &'
          with
          [
              T=offer
          ]
C:\Users\andre\Documents\GitHub\Facultate\OOP\lab6-7\cartService.cpp(14,15): message : Conversion loses qualifiers
C:\Users\andre\Documents\GitHub\Facultate\OOP\lab6-7\vector.h(36,8): message : see declaration of 'vector<offer>::end'
C:\Users\andre\Documents\GitHub\Facultate\OOP\lab6-7\cartService.cpp(14,20): message : while trying to match the argument list '()'
C:\Users\andre\Documents\GitHub\Facultate\OOP\lab6-7\cartService.cpp(15,18): error C2100: illegal indirection
C:\Users\andre\Documents\GitHub\Facultate\OOP\lab6-7\cartService.cpp(30,30): error C2662: 'T *vector<T>::begin(void) noexcept': cannot convert 'this' pointer from 'const vector<offer>' to 'vector<offer> &'
          with
          [
              T=offer
          ]
C:\Users\andre\Documents\GitHub\Facultate\OOP\lab6-7\cartService.cpp(30,25): message : Conversion loses qualifiers
C:\Users\andre\Documents\GitHub\Facultate\OOP\lab6-7\vector.h(32,8): message : see declaration of 'vector<offer>::begin'
C:\Users\andre\Documents\GitHub\Facultate\OOP\lab6-7\cartService.cpp(30,30): message : while trying to match the argument list '()'
C:\Users\andre\Documents\GitHub\Facultate\OOP\lab6-7\cartService.cpp(30,45): error C2662: 'T *vector<T>::end(void) noexcept': cannot convert 'this' pointer from 'const vector<offer>' to 'vector<offer> &'
          with
          [
              T=offer
          ]
C:\Users\andre\Documents\GitHub\Facultate\OOP\lab6-7\cartService.cpp(30,40): message : Conversion loses qualifiers
C:\Users\andre\Documents\GitHub\Facultate\OOP\lab6-7\vector.h(36,8): message : see declaration of 'vector<offer>::end'
C:\Users\andre\Documents\GitHub\Facultate\OOP\lab6-7\cartService.cpp(30,45): message : while trying to match the argument list '()'
  main.cpp
  offersRepository.cpp
  offersService.cpp
C:\Users\andre\Documents\GitHub\Facultate\OOP\lab6-7\offersService.cpp(28,40): error C2662: 'T *vector<T>::begin(void) noexcept': cannot convert 'this' pointer from 'const vector<offer>' to 'vector<offer> &'
          with
          [
              T=offer
          ]
C:\Users\andre\Documents\GitHub\Facultate\OOP\lab6-7\offersService.cpp(28,35): message : Conversion loses qualifiers
C:\Users\andre\Documents\GitHub\Facultate\OOP\lab6-7\vector.h(32,8): message : see declaration of 'vector<offer>::begin'
C:\Users\andre\Documents\GitHub\Facultate\OOP\lab6-7\offersService.cpp(28,40): message : while trying to match the argument list '()'
C:\Users\andre\Documents\GitHub\Facultate\OOP\lab6-7\offersService.cpp(28,55): error C2662: 'T *vector<T>::end(void) noexcept': cannot convert 'this' pointer from 'const vector<offer>' to 'vector<offer> &'
          with
          [
              T=offer
          ]
C:\Users\andre\Documents\GitHub\Facultate\OOP\lab6-7\offersService.cpp(28,50): message : Conversion loses qualifiers
C:\Users\andre\Documents\GitHub\Facultate\OOP\lab6-7\vector.h(36,8): message : see declaration of 'vector<offer>::end'
C:\Users\andre\Documents\GitHub\Facultate\OOP\lab6-7\offersService.cpp(28,55): message : while trying to match the argument list '()'
C:\Users\andre\Documents\GitHub\Facultate\OOP\lab6-7\offersService.cpp(28,27): error C2672: 'std::find_if': no matching overloaded function found
C:\Program Files\Microsoft Visual Studio\2022\Community\VC\Tools\MSVC\14.34.31933\include\xutility(5594,31): message : could be '_InIt std::find_if(_InIt,const _InIt,_Pr)'
C:\Users\andre\Documents\GitHub\Facultate\OOP\lab6-7\offersService.cpp(28,27): message : '_InIt std::find_if(_InIt,const _InIt,_Pr)': expects 3 arguments - 2 provided
C:\Users\andre\Documents\GitHub\Facultate\OOP\lab6-7\offersService.cpp(28,20): error C2530: 'found': references must be initialized
C:\Users\andre\Documents\GitHub\Facultate\OOP\lab6-7\offersService.cpp(32,5): error C3536: 'found': cannot be used before it is initialized
C:\Users\andre\Documents\GitHub\Facultate\OOP\lab6-7\offersService.cpp(32,20): error C2662: 'T *vector<T>::end(void) noexcept': cannot convert 'this' pointer from 'const vector<offer>' to 'vector<offer> &'
          with
          [
              T=offer
          ]
C:\Users\andre\Documents\GitHub\Facultate\OOP\lab6-7\offersService.cpp(32,15): message : Conversion loses qualifiers
C:\Users\andre\Documents\GitHub\Facultate\OOP\lab6-7\vector.h(36,8): message : see declaration of 'vector<offer>::end'
C:\Users\andre\Documents\GitHub\Facultate\OOP\lab6-7\offersService.cpp(32,20): message : while trying to match the argument list '()'
C:\Users\andre\Documents\GitHub\Facultate\OOP\lab6-7\offersService.cpp(33,10): error C2100: illegal indirection
C:\Users\andre\Documents\GitHub\Facultate\OOP\lab6-7\offersService.cpp(60,27): error C2662: 'T *vector<T>::begin(void) noexcept': cannot convert 'this' pointer from 'const vector<offer>' to 'vector<offer> &'
          with
          [
              T=offer
          ]
C:\Users\andre\Documents\GitHub\Facultate\OOP\lab6-7\offersService.cpp(60,27): message : Conversion loses qualifiers
C:\Users\andre\Documents\GitHub\Facultate\OOP\lab6-7\vector.h(32,8): message : see declaration of 'vector<offer>::begin'
C:\Users\andre\Documents\GitHub\Facultate\OOP\lab6-7\offersService.cpp(60,27): message : while trying to match the argument list '()'
C:\Users\andre\Documents\GitHub\Facultate\OOP\lab6-7\offersService.cpp(60,27): error C2662: 'T *vector<T>::end(void) noexcept': cannot convert 'this' pointer from 'const vector<offer>' to 'vector<offer> &'
          with
          [
              T=offer
          ]
C:\Users\andre\Documents\GitHub\Facultate\OOP\lab6-7\offersService.cpp(60,27): message : Conversion loses qualifiers
C:\Users\andre\Documents\GitHub\Facultate\OOP\lab6-7\vector.h(36,8): message : see declaration of 'vector<offer>::end'
C:\Users\andre\Documents\GitHub\Facultate\OOP\lab6-7\offersService.cpp(60,27): message : while trying to match the argument list '()'
C:\Users\andre\Documents\GitHub\Facultate\OOP\lab6-7\offersService.cpp(61,3): error C3536: '<begin>$L0': cannot be used before it is initialized
C:\Users\andre\Documents\GitHub\Facultate\OOP\lab6-7\offersService.cpp(61,3): error C3536: '<end>$L0': cannot be used before it is initialized
C:\Users\andre\Documents\GitHub\Facultate\OOP\lab6-7\offersService.cpp(60,32): error C2100: illegal indirection
C:\Users\andre\Documents\GitHub\Facultate\OOP\lab6-7\offersService.cpp(61,14): error C2664: 'void vector<offer>::push_back(const T &)': cannot convert argument 1 from 'const int' to 'const T &'
          with
          [
              T=offer
          ]
C:\Users\andre\Documents\GitHub\Facultate\OOP\lab6-7\offersService.cpp(61,25): message : Reason: cannot convert from 'const int' to 'const T'
          with
          [
              T=offer
          ]
C:\Users\andre\Documents\GitHub\Facultate\OOP\lab6-7\offersService.cpp(61,25): message : No constructor could take the source type, or constructor overload resolution was ambiguous
C:\Users\andre\Documents\GitHub\Facultate\OOP\lab6-7\vector.h(65,10): message : see declaration of 'vector<offer>::push_back'
C:\Users\andre\Documents\GitHub\Facultate\OOP\lab6-7\offersService.cpp(61,14): message : while trying to match the argument list '(const int)'
C:\Users\andre\Documents\GitHub\Facultate\OOP\lab6-7\offersService.cpp(83,28): error C2662: 'T *vector<T>::begin(void) noexcept': cannot convert 'this' pointer from 'const vector<offer>' to 'vector<offer> &'
          with
          [
              T=offer
          ]
C:\Users\andre\Documents\GitHub\Facultate\OOP\lab6-7\offersService.cpp(83,28): message : Conversion loses qualifiers
C:\Users\andre\Documents\GitHub\Facultate\OOP\lab6-7\vector.h(32,8): message : see declaration of 'vector<offer>::begin'
C:\Users\andre\Documents\GitHub\Facultate\OOP\lab6-7\offersService.cpp(83,28): message : while trying to match the argument list '()'
C:\Users\andre\Documents\GitHub\Facultate\OOP\lab6-7\offersService.cpp(83,28): error C2662: 'T *vector<T>::end(void) noexcept': cannot convert 'this' pointer from 'const vector<offer>' to 'vector<offer> &'
          with
          [
              T=offer
          ]
C:\Users\andre\Documents\GitHub\Facultate\OOP\lab6-7\offersService.cpp(83,28): message : Conversion loses qualifiers
C:\Users\andre\Documents\GitHub\Facultate\OOP\lab6-7\vector.h(36,8): message : see declaration of 'vector<offer>::end'
C:\Users\andre\Documents\GitHub\Facultate\OOP\lab6-7\offersService.cpp(83,28): message : while trying to match the argument list '()'
C:\Users\andre\Documents\GitHub\Facultate\OOP\lab6-7\offersService.cpp(83,35): error C3536: '<begin>$L0': cannot be used before it is initialized
C:\Users\andre\Documents\GitHub\Facultate\OOP\lab6-7\offersService.cpp(83,35): error C3536: '<end>$L0': cannot be used before it is initialized
C:\Users\andre\Documents\GitHub\Facultate\OOP\lab6-7\offersService.cpp(83,33): error C2100: illegal indirection
C:\Users\andre\Documents\GitHub\Facultate\OOP\lab6-7\offersService.cpp(128,27): error C2662: 'T *vector<T>::begin(void) noexcept': cannot convert 'this' pointer from 'const vector<offer>' to 'vector<offer> &'
          with
          [
              T=offer
          ]
C:\Users\andre\Documents\GitHub\Facultate\OOP\lab6-7\offersService.cpp(128,27): message : Conversion loses qualifiers
C:\Users\andre\Documents\GitHub\Facultate\OOP\lab6-7\vector.h(32,8): message : see declaration of 'vector<offer>::begin'
C:\Users\andre\Documents\GitHub\Facultate\OOP\lab6-7\offersService.cpp(128,27): message : while trying to match the argument list '()'
C:\Users\andre\Documents\GitHub\Facultate\OOP\lab6-7\offersService.cpp(128,27): error C2662: 'T *vector<T>::end(void) noexcept': cannot convert 'this' pointer from 'const vector<offer>' to 'vector<offer> &'
          with
          [
              T=offer
          ]
C:\Users\andre\Documents\GitHub\Facultate\OOP\lab6-7\offersService.cpp(128,27): message : Conversion loses qualifiers
C:\Users\andre\Documents\GitHub\Facultate\OOP\lab6-7\vector.h(36,8): message : see declaration of 'vector<offer>::end'
C:\Users\andre\Documents\GitHub\Facultate\OOP\lab6-7\offersService.cpp(128,27): message : while trying to match the argument list '()'
C:\Users\andre\Documents\GitHub\Facultate\OOP\lab6-7\offersService.cpp(128,34): error C3536: '<begin>$L1': cannot be used before it is initialized
C:\Users\andre\Documents\GitHub\Facultate\OOP\lab6-7\offersService.cpp(128,34): error C3536: '<end>$L1': cannot be used before it is initialized
C:\Users\andre\Documents\GitHub\Facultate\OOP\lab6-7\offersService.cpp(128,32): error C2100: illegal indirection
C:\Users\andre\Documents\GitHub\Facultate\OOP\lab6-7\offersService.cpp(130,17): error C2664: 'void vector<offer>::push_back(const T &)': cannot convert argument 1 from 'const int' to 'const T &'
          with
          [
              T=offer
          ]
C:\Users\andre\Documents\GitHub\Facultate\OOP\lab6-7\offersService.cpp(130,28): message : Reason: cannot convert from 'const int' to 'const T'
          with
          [
              T=offer
          ]
C:\Users\andre\Documents\GitHub\Facultate\OOP\lab6-7\offersService.cpp(130,28): message : No constructor could take the source type, or constructor overload resolution was ambiguous
C:\Users\andre\Documents\GitHub\Facultate\OOP\lab6-7\vector.h(65,10): message : see declaration of 'vector<offer>::push_back'
C:\Users\andre\Documents\GitHub\Facultate\OOP\lab6-7\offersService.cpp(130,17): message : while trying to match the argument list '(const int)'
  testInfrastructure.cpp
  testService.cpp
  ui.cpp
  Running Code Analysis for C/C++...
  Generating Code...
