[2023-05-12 16:59:41] [info] Start Program:
Path:"C:\Users\andre\Documents\GitHub\Facultate\SDA\lab2\x64\Debug\lab2.exe"
Arguments:
Working directory: "C:\Users\andre\Documents\GitHub\Facultate\SDA\lab2\"
Modules: Selected: C:\Users\andre\Documents\GitHub\Facultate\SDA\lab2\x64\Debug\lab2.exe Excluded: 
Sources: Selected: C:\Users\andre\Documents\GitHub\Facultate\SDA\lab2 Excluded: 
Log Level: Normal
Cover Children: 0
Aggregate by file: 1
Continue after C++ exception: 0
Optimized build support: 0
Export: Binary C:\Users\andre\AppData\Local\Temp\u0xdz3j1.2rs 
Input coverage: 
Unified diff: 
Excluded line regular expressions: 
Substitute pdb source paths: 

[2023-05-12 16:59:41] [info] Module: C:\Users\andre\Documents\GitHub\Facultate\SDA\lab2\x64\Debug\lab2.exe is selected because it matches selected pattern: C:\Users\andre\Documents\GitHub\Facultate\SDA\lab2\x64\Debug\lab2.exe
[2023-05-12 16:59:41] [info] ----------------------------------------------------
[2023-05-12 16:59:41] [info] Coverage binary generated in file: C:\Users\andre\AppData\Local\Temp\u0xdz3j1.2rs
[2023-05-12 16:59:41] [info] ----------------------------------------------------
