[2023-03-21 12:46:15] [info] Start Program:
Path:"C:\Facultate\OOP\lab2-4\x64\Debug\lab2-4.exe"
Arguments:
Working directory: "C:\Facultate\OOP\lab2-4\"
Modules: Selected: C:\Facultate\OOP\lab2-4\x64\Debug\lab2-4.exe Excluded: 
Sources: Selected: C:\Facultate\OOP\lab2-4 Excluded: 
Log Level: Normal
Cover Children: 0
Aggregate by file: 1
Continue after C++ exception: 0
Optimized build support: 0
Export: Binary C:\Users\andre\AppData\Local\Temp\yaxdrv1w.abz 
Input coverage: 
Unified diff: 
Excluded line regular expressions: 
Substitute pdb source paths: 

[2023-03-21 12:46:15] [info] Module: C:\Facultate\OOP\lab2-4\x64\Debug\lab2-4.exe is selected because it matches selected pattern: C:\Facultate\OOP\lab2-4\x64\Debug\lab2-4.exe
[2023-03-21 12:46:16] [info] ----------------------------------------------------
[2023-03-21 12:46:16] [info] Coverage binary generated in file: C:\Users\andre\AppData\Local\Temp\yaxdrv1w.abz
[2023-03-21 12:46:16] [info] ----------------------------------------------------
