[2023-04-25 12:22:00] [info] Start Program:
Path:"C:\Users\andre\Documents\GitHub\Facultate\OOP\lab6-7\x64\Debug\lab6-7.exe"
Arguments:
Working directory: "C:\Users\andre\Documents\GitHub\Facultate\OOP\lab6-7"
Modules: Selected: C:\Users\andre\Documents\GitHub\Facultate\OOP\lab6-7\x64\Debug\lab6-7.exe Excluded: 
Sources: Selected: C:\Users\andre\Documents\GitHub\Facultate\OOP\lab6-7 Excluded: 
Log Level: Normal
Cover Children: 0
Aggregate by file: 1
Continue after C++ exception: 0
Optimized build support: 0
Export: Binary C:\Users\andre\AppData\Local\Temp\0axf2u0j.pcw 
Input coverage: 
Unified diff: 
Excluded line regular expressions: 
Substitute pdb source paths: 

[2023-04-25 12:22:01] [info] Module: C:\Users\andre\Documents\GitHub\Facultate\OOP\lab6-7\x64\Debug\lab6-7.exe is selected because it matches selected pattern: C:\Users\andre\Documents\GitHub\Facultate\OOP\lab6-7\x64\Debug\lab6-7.exe
[2023-04-25 12:22:01] [info] ----------------------------------------------------
[2023-04-25 12:22:01] [info] Coverage binary generated in file: C:\Users\andre\AppData\Local\Temp\0axf2u0j.pcw
[2023-04-25 12:22:01] [info] ----------------------------------------------------
